0 info it worked if it ends with ok
1 verbose cli [ 'C:\\Program Files\\nodejs\\node.exe',
1 verbose cli   'C:\\Program Files\\nodejs\\node_modules\\npm\\bin\\npm-cli.js',
1 verbose cli   'install',
1 verbose cli   'https://github.com/twbs/bootstrap.git\\#v4-dev' ]
2 info using npm@3.6.0
3 info using node@v5.6.0
4 verbose config Skipping project config: C:\Users\Kristoffer/.npmrc. (matches userconfig)
5 silly loadCurrentTree Starting
6 silly install loadCurrentTree
7 silly install readLocalPackageData
8 silly fetchPackageMetaData https://github.com/twbs/bootstrap.git\#v4-dev
9 silly fetchOtherPackageData https://github.com/twbs/bootstrap.git\#v4-dev
10 silly cache add args [ 'https://github.com/twbs/bootstrap.git\\#v4-dev', null ]
11 verbose cache add spec https://github.com/twbs/bootstrap.git\#v4-dev
12 silly cache add parsed spec Result {
12 silly cache add   raw: 'https://github.com/twbs/bootstrap.git\\#v4-dev',
12 silly cache add   scope: null,
12 silly cache add   name: null,
12 silly cache add   rawSpec: 'https://github.com/twbs/bootstrap.git\\#v4-dev',
12 silly cache add   spec: 'https://github.com/twbs/bootstrap.git\\#v4-dev',
12 silly cache add   type: 'remote' }
13 silly mapToRegistry name https://github.com/twbs/bootstrap.git\#v4-dev
14 silly mapToRegistry using default registry
15 silly mapToRegistry registry https://registry.npmjs.org/
16 silly mapToRegistry uri https://github.com/twbs/bootstrap.git/#v4-dev
17 verbose addRemoteTarball https://github.com/twbs/bootstrap.git\#v4-dev not in flight; adding
18 verbose addRemoteTarball [ 'https://github.com/twbs/bootstrap.git\\#v4-dev', null ]
19 info retry fetch attempt 1 at 08:02:29
20 info attempt registry request try #1 at 08:02:29
21 http fetch GET https://github.com/twbs/bootstrap.git/#v4-dev
22 verbose request id f996972e3ec4393d
23 http fetch 406 https://github.com/twbs/bootstrap.git\#v4-dev
24 error fetch failed https://github.com/twbs/bootstrap.git\#v4-dev
25 warn retry will retry, error on last attempt: Error: fetch failed with status code 406
26 info retry fetch attempt 2 at 08:02:40
27 info attempt registry request try #1 at 08:02:40
28 http fetch GET https://github.com/twbs/bootstrap.git/#v4-dev
29 http fetch 406 https://github.com/twbs/bootstrap.git\#v4-dev
30 error fetch failed https://github.com/twbs/bootstrap.git\#v4-dev
31 warn retry will retry, error on last attempt: Error: fetch failed with status code 406
32 info retry fetch attempt 3 at 08:03:41
33 info attempt registry request try #1 at 08:03:41
34 http fetch GET https://github.com/twbs/bootstrap.git/#v4-dev
35 http fetch 406 https://github.com/twbs/bootstrap.git\#v4-dev
36 error fetch failed https://github.com/twbs/bootstrap.git\#v4-dev
37 silly fetchPackageMetaData Error: fetch failed with status code 406
37 silly fetchPackageMetaData     at Request.<anonymous> (C:\Program Files\nodejs\node_modules\npm\node_modules\npm-registry-client\lib\fetch.js:51:14)
37 silly fetchPackageMetaData     at emitOne (events.js:90:13)
37 silly fetchPackageMetaData     at Request.emit (events.js:182:7)
37 silly fetchPackageMetaData     at Request.onRequestResponse (C:\Program Files\nodejs\node_modules\npm\node_modules\request\request.js:951:10)
37 silly fetchPackageMetaData     at emitOne (events.js:90:13)
37 silly fetchPackageMetaData     at ClientRequest.emit (events.js:182:7)
37 silly fetchPackageMetaData     at HTTPParser.parserOnIncomingClient [as onIncoming] (_http_client.js:425:21)
37 silly fetchPackageMetaData     at HTTPParser.parserOnHeadersComplete (_http_common.js:89:23)
37 silly fetchPackageMetaData     at TLSSocket.socketOnData (_http_client.js:315:20)
37 silly fetchPackageMetaData     at emitOne (events.js:90:13)
37 silly fetchPackageMetaData  error for https://github.com/twbs/bootstrap.git\#v4-dev [Error: fetch failed with status code 406]
38 silly rollbackFailedOptional Starting
39 silly rollbackFailedOptional Finishing
40 silly runTopLevelLifecycles Starting
41 silly runTopLevelLifecycles Finishing
42 silly install printInstalled
43 verbose stack Error: fetch failed with status code 406
43 verbose stack     at Request.<anonymous> (C:\Program Files\nodejs\node_modules\npm\node_modules\npm-registry-client\lib\fetch.js:51:14)
43 verbose stack     at emitOne (events.js:90:13)
43 verbose stack     at Request.emit (events.js:182:7)
43 verbose stack     at Request.onRequestResponse (C:\Program Files\nodejs\node_modules\npm\node_modules\request\request.js:951:10)
43 verbose stack     at emitOne (events.js:90:13)
43 verbose stack     at ClientRequest.emit (events.js:182:7)
43 verbose stack     at HTTPParser.parserOnIncomingClient [as onIncoming] (_http_client.js:425:21)
43 verbose stack     at HTTPParser.parserOnHeadersComplete (_http_common.js:89:23)
43 verbose stack     at TLSSocket.socketOnData (_http_client.js:315:20)
43 verbose stack     at emitOne (events.js:90:13)
44 verbose cwd C:\Users\Kristoffer\Documents\Visual Studio 2015\Projects\FilmFind_2
45 error Windows_NT 10.0.14393
46 error argv "C:\\Program Files\\nodejs\\node.exe" "C:\\Program Files\\nodejs\\node_modules\\npm\\bin\\npm-cli.js" "install" "https://github.com/twbs/bootstrap.git\\#v4-dev"
47 error node v5.6.0
48 error npm  v3.6.0
49 error fetch failed with status code 406
50 error If you need help, you may report this error at:
50 error     <https://github.com/npm/npm/issues>
51 verbose exit [ 1, true ]
